[2020-02-11 13:37:43][DEBUG][ERROR] : [Uncaught Error: Class 'EasySwoole\Task\TaskManager' not found in /data/swoole/App/WebSocket/Index.php:28
Stack trace:
#0 /data/swoole/vendor/easyswoole/socket/src/AbstractInterface/Controller.php(124): App\WebSocket\Index->delay()
#1 /data/swoole/vendor/easyswoole/socket/src/Dispatcher.php(82): EasySwoole\Socket\AbstractInterface\Controller->__hook(Object(Swoole\WebSocket\Server), Object(EasySwoole\Socket\Config), Object(EasySwoole\Socket\Bean\Caller), Object(EasySwoole\Socket\Bean\Response))
#2 /data/swoole/EasySwooleEvent.php(36): EasySwoole\Socket\Dispatcher->dispatch(Object(Swoole\WebSocket\Server), '{"action":"dela...', Object(Swoole\WebSocket\Frame))
#3 [internal function]: EasySwoole\EasySwoole\EasySwooleEvent::EasySwoole\EasySwoole\{closure}(Object(Swoole\WebSocket\Server), Object(Swoole\WebSocket\Frame))
#4 /data/swoole/vendor/easyswoole/easyswoole/src/ServerManager.php(134): call_user_func(Object(Closure), Object(Swoole\WebSocket\Server), Object(Swoole\WebSocket\Frame))
#5 {main}
  thrown at file:/data/swoole/App/WebSocket/Index.php line:28]
[2020-02-11 14:27:50][DEBUG][ERROR] : [Class 'EasySwoole\EasySwoole\Status' not found at file:/data/swoole/EasySwooleEvent.php line:45]
[2020-02-11 14:29:28][DEBUG][ERROR] : [Class 'EasySwoole\EasySwoole\Status' not found at file:/data/swoole/EasySwooleEvent.php line:45]
[2020-02-11 14:29:37][DEBUG][ERROR] : [Class 'EasySwoole\EasySwoole\Status' not found at file:/data/swoole/EasySwooleEvent.php line:51]
[2020-02-12 12:28:45][DEBUG][ERROR] : [Uncaught Error: Class '\App\WebSocket\Indexs' not found in /data/swoole/vendor/easyswoole/socket/src/Dispatcher.php:172
Stack trace:
#0 /data/swoole/vendor/easyswoole/socket/src/Dispatcher.php(75): EasySwoole\Socket\Dispatcher->getController('\\App\\WebSocket\\...')
#1 /data/swoole/EasySwooleEvent.php(36): EasySwoole\Socket\Dispatcher->dispatch(Object(Swoole\WebSocket\Server), '{"class":"Index...', Object(Swoole\WebSocket\Frame))
#2 [internal function]: EasySwoole\EasySwoole\EasySwooleEvent::EasySwoole\EasySwoole\{closure}(Object(Swoole\WebSocket\Server), Object(Swoole\WebSocket\Frame))
#3 /data/swoole/vendor/easyswoole/easyswoole/src/ServerManager.php(134): call_user_func(Object(Closure), Object(Swoole\WebSocket\Server), Object(Swoole\WebSocket\Frame))
#4 {main}
  thrown at file:/data/swoole/vendor/easyswoole/socket/src/Dispatcher.php line:172]
[2020-02-13 15:41:26][DEBUG][ERROR] : [Uncaught TypeError: Return value of App\WebSocket\WebSocketParser::decode() must be an instance of EasySwoole\Socket\Bean\Caller or null, string returned in /data/swoole/App/WebSocket/WebSocketParser.php:31
Stack trace:
#0 /data/swoole/vendor/easyswoole/socket/src/Dispatcher.php(63): App\WebSocket\WebSocketParser->decode('', Object(EasySwoole\Socket\Client\WebSocket))
#1 /data/swoole/EasySwooleEvent.php(39): EasySwoole\Socket\Dispatcher->dispatch(Object(Swoole\WebSocket\Server), '', Object(Swoole\WebSocket\Frame))
#2 [internal function]: EasySwoole\EasySwoole\EasySwooleEvent::EasySwoole\EasySwoole\{closure}(Object(Swoole\WebSocket\Server), Object(Swoole\WebSocket\Frame))
#3 /data/swoole/vendor/easyswoole/easyswoole/src/ServerManager.php(134): call_user_func(Object(Closure), Object(Swoole\WebSocket\Server), Object(Swoole\WebSocket\Frame))
#4 {main}
  thrown at file:/data/swoole/App/WebSocket/WebSocketParser.php line:31]
[2020-02-13 16:07:36][DEBUG][ERROR] : [Class 'App\WebSockets\Controller\Base' not found at file:/data/swoole/App/WebSocket/Controller/Index.php line:16]
[2020-02-13 16:07:37][DEBUG][ERROR] : [Class 'App\WebSockets\Controller\Base' not found at file:/data/swoole/App/WebSocket/Controller/Index.php line:16]
[2020-02-13 16:07:37][DEBUG][ERROR] : [Class 'App\WebSockets\Controller\Base' not found at file:/data/swoole/App/WebSocket/Controller/Index.php line:16]
[2020-02-13 16:07:37][DEBUG][ERROR] : [Class 'App\WebSockets\Controller\Base' not found at file:/data/swoole/App/WebSocket/Controller/Index.php line:16]
[2020-02-13 16:07:37][DEBUG][ERROR] : [Class 'App\WebSockets\Controller\Base' not found at file:/data/swoole/App/WebSocket/Controller/Index.php line:16]
[2020-02-13 16:07:37][DEBUG][ERROR] : [Class 'App\WebSockets\Controller\Base' not found at file:/data/swoole/App/WebSocket/Controller/Index.php line:16]
[2020-02-13 16:07:40][DEBUG][ERROR] : [Class 'App\WebSockets\Controller\Base' not found at file:/data/swoole/App/WebSocket/Controller/Index.php line:16]
[2020-02-13 16:07:40][DEBUG][ERROR] : [Class 'App\WebSockets\Controller\Base' not found at file:/data/swoole/App/WebSocket/Controller/Index.php line:16]
[2020-02-13 16:07:40][DEBUG][ERROR] : [Class 'App\WebSockets\Controller\Base' not found at file:/data/swoole/App/WebSocket/Controller/Index.php line:16]
[2020-02-13 16:23:23][DEBUG][ERROR] : [Class 'App\WebSocket\Controller\Common' not found at file:/data/swoole/App/WebSocket/Controller/Test.php line:11]
[2020-02-13 16:23:23][DEBUG][ERROR] : [Class 'App\WebSocket\Controller\Common' not found at file:/data/swoole/App/WebSocket/Controller/Test.php line:11]
[2020-02-13 16:23:24][DEBUG][ERROR] : [Class 'App\WebSocket\Controller\Common' not found at file:/data/swoole/App/WebSocket/Controller/Test.php line:11]
[2020-02-13 16:23:24][DEBUG][ERROR] : [Class 'App\WebSocket\Controller\Common' not found at file:/data/swoole/App/WebSocket/Controller/Test.php line:11]
[2020-02-13 16:23:24][DEBUG][ERROR] : [Class 'App\WebSocket\Controller\Common' not found at file:/data/swoole/App/WebSocket/Controller/Test.php line:11]
[2020-02-13 16:27:49][DEBUG][ERROR] : [Uncaught Error: Class 'App\Storage\OnlineUser' not found in /data/swoole/App/WebSocket/Controller/Base.php:34
Stack trace:
#0 /data/swoole/App/WebSocket/Controller/Index.php(24): App\WebSocket\Controller\Base->currentUser()
#1 /data/swoole/vendor/easyswoole/socket/src/AbstractInterface/Controller.php(124): App\WebSocket\Controller\Index->info()
#2 /data/swoole/vendor/easyswoole/socket/src/Dispatcher.php(82): EasySwoole\Socket\AbstractInterface\Controller->__hook(Object(Swoole\WebSocket\Server), Object(EasySwoole\Socket\Config), Object(EasySwoole\Socket\Bean\Caller), Object(EasySwoole\Socket\Bean\Response))
#3 /data/swoole/EasySwooleEvent.php(39): EasySwoole\Socket\Dispatcher->dispatch(Object(Swoole\WebSocket\Server), '{"class":"Index...', Object(Swoole\WebSocket\Frame))
#4 [internal function]: EasySwoole\EasySwoole\EasySwooleEvent::EasySwoole\EasySwoole\{closure}(Object(Swoole\WebSocket\Server), Object(Swoole\WebSocket\Frame))
#5 /data/swoole/vendor/easyswoole/easyswoole/src/ServerManager.php(134): call_user_ at file:/data/swoole/App/WebSocket/Controller/Base.php line:34]
[2020-02-13 16:29:50][DEBUG][ERROR] : [Uncaught Error: Class 'App\Storage\OnlineUser' not found in /data/swoole/App/WebSocket/Controller/Base.php:34
Stack trace:
#0 /data/swoole/App/WebSocket/Controller/Index.php(24): App\WebSocket\Controller\Base->currentUser()
#1 /data/swoole/vendor/easyswoole/socket/src/AbstractInterface/Controller.php(124): App\WebSocket\Controller\Index->info()
#2 /data/swoole/vendor/easyswoole/socket/src/Dispatcher.php(82): EasySwoole\Socket\AbstractInterface\Controller->__hook(Object(Swoole\WebSocket\Server), Object(EasySwoole\Socket\Config), Object(EasySwoole\Socket\Bean\Caller), Object(EasySwoole\Socket\Bean\Response))
#3 /data/swoole/EasySwooleEvent.php(39): EasySwoole\Socket\Dispatcher->dispatch(Object(Swoole\WebSocket\Server), '{"class":"Index...', Object(Swoole\WebSocket\Frame))
#4 [internal function]: EasySwoole\EasySwoole\EasySwooleEvent::EasySwoole\EasySwoole\{closure}(Object(Swoole\WebSocket\Server), Object(Swoole\WebSocket\Frame))
#5 /data/swoole/vendor/easyswoole/easyswoole/src/ServerManager.php(134): call_user_ at file:/data/swoole/App/WebSocket/Controller/Base.php line:34]
[2020-02-13 16:32:13][DEBUG][ERROR] : [Uncaught Error: Class 'App\Storage\OnlineUser' not found in /data/swoole/App/WebSocket/Controller/Base.php:34
Stack trace:
#0 /data/swoole/App/WebSocket/Controller/Index.php(24): App\WebSocket\Controller\Base->currentUser()
#1 /data/swoole/vendor/easyswoole/socket/src/AbstractInterface/Controller.php(124): App\WebSocket\Controller\Index->info()
#2 /data/swoole/vendor/easyswoole/socket/src/Dispatcher.php(82): EasySwoole\Socket\AbstractInterface\Controller->__hook(Object(Swoole\WebSocket\Server), Object(EasySwoole\Socket\Config), Object(EasySwoole\Socket\Bean\Caller), Object(EasySwoole\Socket\Bean\Response))
#3 /data/swoole/EasySwooleEvent.php(39): EasySwoole\Socket\Dispatcher->dispatch(Object(Swoole\WebSocket\Server), '{"class":"Index...', Object(Swoole\WebSocket\Frame))
#4 [internal function]: EasySwoole\EasySwoole\EasySwooleEvent::EasySwoole\EasySwoole\{closure}(Object(Swoole\WebSocket\Server), Object(Swoole\WebSocket\Frame))
#5 /data/swoole/vendor/easyswoole/easyswoole/src/ServerManager.php(134): call_user_ at file:/data/swoole/App/WebSocket/Controller/Base.php line:34]
[2020-02-14 20:22:54][DEBUG][ERROR] : [Uncaught Error: Class 'App\WebSocket\Gravatar' not found in /data/swoole/App/WebSocket/WebSocketEvents.php:38
Stack trace:
#0 [internal function]: App\WebSocket\WebSocketEvents::onOpen(Object(Swoole\WebSocket\Server), Object(Swoole\Http\Request))
#1 /data/swoole/vendor/easyswoole/easyswoole/src/ServerManager.php(134): call_user_func(Array, Object(Swoole\WebSocket\Server), Object(Swoole\Http\Request))
#2 {main}
  thrown at file:/data/swoole/App/WebSocket/WebSocketEvents.php line:38]
[2020-02-14 20:23:54][DEBUG][ERROR] : [Uncaught Error: Class 'App\WebSocket\Gravatar' not found in /data/swoole/App/WebSocket/WebSocketEvents.php:38
Stack trace:
#0 [internal function]: App\WebSocket\WebSocketEvents::onOpen(Object(Swoole\WebSocket\Server), Object(Swoole\Http\Request))
#1 /data/swoole/vendor/easyswoole/easyswoole/src/ServerManager.php(134): call_user_func(Array, Object(Swoole\WebSocket\Server), Object(Swoole\Http\Request))
#2 {main}
  thrown at file:/data/swoole/App/WebSocket/WebSocketEvents.php line:38]
[2020-02-14 20:28:04][DEBUG][ERROR] : [Uncaught Error: Class 'App\WebSocket\Actions\User\UserInfo' not found in /data/swoole/App/WebSocket/Controller/Index.php:26
Stack trace:
#0 /data/swoole/vendor/easyswoole/socket/src/AbstractInterface/Controller.php(124): App\WebSocket\Controller\Index->info()
#1 /data/swoole/vendor/easyswoole/socket/src/Dispatcher.php(82): EasySwoole\Socket\AbstractInterface\Controller->__hook(Object(Swoole\WebSocket\Server), Object(EasySwoole\Socket\Config), Object(EasySwoole\Socket\Bean\Caller), Object(EasySwoole\Socket\Bean\Response))
#2 /data/swoole/EasySwooleEvent.php(39): EasySwoole\Socket\Dispatcher->dispatch(Object(Swoole\WebSocket\Server), '{"class":"Index...', Object(Swoole\WebSocket\Frame))
#3 [internal function]: EasySwoole\EasySwoole\EasySwooleEvent::EasySwoole\EasySwoole\{closure}(Object(Swoole\WebSocket\Server), Object(Swoole\WebSocket\Frame))
#4 /data/swoole/vendor/easyswoole/easyswoole/src/ServerManager.php(134): call_user_func(Object(Closure), Object(Swoole\WebSocket\Server), Object(Swoole\WebSocket\Frame))
 at file:/data/swoole/App/WebSocket/Controller/Index.php line:26]
[2020-02-15 11:17:30][DEBUG][NOTICE] : [Array to string conversion at file:/data/swoole/App/WebSocket/Actions/Tool/UserPusher.php line:36]
[2020-02-26 10:51:51][DEBUG][WARNING] : [Swoole\Table::get() expects at least 1 parameter, 0 given at file:/data/swoole/App/HttpController/Index.php line:26]
[2020-02-26 10:52:26][DEBUG][WARNING] : [Swoole\Table::get() expects at least 1 parameter, 0 given at file:/data/swoole/App/HttpController/Index.php line:26]
[2020-02-26 10:52:38][DEBUG][WARNING] : [Swoole\Table::column() expects at least 2 parameters, 0 given at file:/data/swoole/App/HttpController/Index.php line:26]
[2020-02-26 11:18:54][DEBUG][WARNING] : [file_get_contents(/data/swoole/App/HttpController/index.html): failed to open stream: No such file or directory at file:/data/swoole/App/HttpController/Index.php line:15]
[2020-02-26 11:19:17][DEBUG][WARNING] : [file_get_contents(/data/swoole/App/HttpController/index.html): failed to open stream: No such file or directory at file:/data/swoole/App/HttpController/Index.php line:15]
[2020-02-26 11:37:16][DEBUG][ERROR] : [Call to undefined method App\HttpController\Index::render() at file:/data/swoole/App/HttpController/Index.php line:15]
[2020-02-26 11:37:59][DEBUG][ERROR] : [The template "index" could not be found at "/data/swoole/App/Views/index.php". at file:/data/swoole/vendor/league/plates/src/Template/Template.php line:144]
[2020-02-26 11:38:23][DEBUG][ERROR] : [The template "index" could not be found at "/data/swoole/App/Views/index.php". at file:/data/swoole/vendor/league/plates/src/Template/Template.php line:144]
[2020-02-26 11:38:31][DEBUG][ERROR] : [The template "index" could not be found at "/data/swoole/App/Views/index.php". at file:/data/swoole/vendor/league/plates/src/Template/Template.php line:144]
[2020-02-26 11:39:00][DEBUG][ERROR] : [The template "index.html" could not be found at "/data/swoole/App/Views/index.html.php". at file:/data/swoole/vendor/league/plates/src/Template/Template.php line:144]
[2020-02-26 11:39:27][DEBUG][ERROR] : [The template "index.html" could not be found at "/data/swoole/App/Views/index.html.php". at file:/data/swoole/vendor/league/plates/src/Template/Template.php line:144]
[2020-02-26 11:39:29][DEBUG][ERROR] : [The template "index.html" could not be found at "/data/swoole/App/Views/index.html.php". at file:/data/swoole/vendor/league/plates/src/Template/Template.php line:144]
[2020-02-26 11:39:40][DEBUG][ERROR] : [The template "index.html" could not be found at "/data/swoole/App/Views/index.html.php". at file:/data/swoole/vendor/league/plates/src/Template/Template.php line:144]
[2020-02-26 11:45:22][DEBUG][NOTICE] : [Undefined variable: request at file:/data/swoole/App/HttpController/WebSocket.php line:21]
[2020-02-26 11:45:22][DEBUG][ERROR] : [Call to a member function getRequestParam() on null at file:/data/swoole/App/HttpController/WebSocket.php line:21]
[2020-02-26 11:57:33][DEBUG][ERROR] : [swoole exit at file:/data/swoole/App/HttpController/WebSocket.php line:28]
[2020-02-26 14:21:47][DEBUG][ERROR] : [Uncaught Error: Class 'App\Storage\OnlineUser' not found in /data/swoole/EasySwooleEvent.php:33
Stack trace:
#0 /data/swoole/vendor/easyswoole/easyswoole/src/Core.php(118): EasySwoole\EasySwoole\EasySwooleEvent::mainServerCreate(Object(EasySwoole\EasySwoole\Swoole\EventRegister))
#1 /data/swoole/vendor/easyswoole/easyswoole/src/Command/DefaultCommand/Start.php(42): EasySwoole\EasySwoole\Core->createServer()
#2 /data/swoole/vendor/easyswoole/easyswoole/src/Command/CommandContainer.php(46): EasySwoole\EasySwoole\Command\DefaultCommand\Start->exec(Array)
#3 /data/swoole/vendor/easyswoole/easyswoole/src/Command/CommandRunner.php(54): EasySwoole\EasySwoole\Command\CommandContainer->hook('start', Array)
#4 /data/swoole/easyswoole(24): EasySwoole\EasySwoole\Command\CommandRunner->run(Array)
#5 {main}
  thrown at file:/data/swoole/EasySwooleEvent.php line:33]
[2020-02-26 14:22:43][DEBUG][ERROR] : [Uncaught Error: Class 'App\Storage\OnlineSquareUser' not found in /data/swoole/EasySwooleEvent.php:33
Stack trace:
#0 /data/swoole/vendor/easyswoole/easyswoole/src/Core.php(118): EasySwoole\EasySwoole\EasySwooleEvent::mainServerCreate(Object(EasySwoole\EasySwoole\Swoole\EventRegister))
#1 /data/swoole/vendor/easyswoole/easyswoole/src/Command/DefaultCommand/Start.php(42): EasySwoole\EasySwoole\Core->createServer()
#2 /data/swoole/vendor/easyswoole/easyswoole/src/Command/CommandContainer.php(46): EasySwoole\EasySwoole\Command\DefaultCommand\Start->exec(Array)
#3 /data/swoole/vendor/easyswoole/easyswoole/src/Command/CommandRunner.php(54): EasySwoole\EasySwoole\Command\CommandContainer->hook('start', Array)
#4 /data/swoole/easyswoole(24): EasySwoole\EasySwoole\Command\CommandRunner->run(Array)
#5 {main}
  thrown at file:/data/swoole/EasySwooleEvent.php line:33]
[2020-02-26 14:23:26][DEBUG][ERROR] : [Uncaught Error: Class 'App\Storage\OnlineSquareUser' not found in /data/swoole/EasySwooleEvent.php:33
Stack trace:
#0 /data/swoole/vendor/easyswoole/easyswoole/src/Core.php(118): EasySwoole\EasySwoole\EasySwooleEvent::mainServerCreate(Object(EasySwoole\EasySwoole\Swoole\EventRegister))
#1 /data/swoole/vendor/easyswoole/easyswoole/src/Command/DefaultCommand/Start.php(42): EasySwoole\EasySwoole\Core->createServer()
#2 /data/swoole/vendor/easyswoole/easyswoole/src/Command/CommandContainer.php(46): EasySwoole\EasySwoole\Command\DefaultCommand\Start->exec(Array)
#3 /data/swoole/vendor/easyswoole/easyswoole/src/Command/CommandRunner.php(54): EasySwoole\EasySwoole\Command\CommandContainer->hook('start', Array)
#4 /data/swoole/easyswoole(24): EasySwoole\EasySwoole\Command\CommandRunner->run(Array)
#5 {main}
  thrown at file:/data/swoole/EasySwooleEvent.php line:33]
[2020-02-26 14:24:49][DEBUG][ERROR] : [Uncaught Error: Class 'App\Storage\OnlineSquareUser' not found in /data/swoole/App/WebSocket/WebSocketEvents.php:50
Stack trace:
#0 [internal function]: App\WebSocket\WebSocketEvents::onOpen(Object(Swoole\WebSocket\Server), Object(Swoole\Http\Request))
#1 /data/swoole/vendor/easyswoole/easyswoole/src/ServerManager.php(134): call_user_func(Array, Object(Swoole\WebSocket\Server), Object(Swoole\Http\Request))
#2 {main}
  thrown at file:/data/swoole/App/WebSocket/WebSocketEvents.php line:50]
[2020-02-26 14:24:53][DEBUG][ERROR] : [Uncaught Error: Class 'App\WebSocket\OnlineUser' not found in /data/swoole/App/WebSocket/WebSocketEvents.php:93
Stack trace:
#0 [internal function]: App\WebSocket\WebSocketEvents::onClose(Object(Swoole\WebSocket\Server), 3, 0)
#1 /data/swoole/vendor/easyswoole/easyswoole/src/ServerManager.php(134): call_user_func(Array, Object(Swoole\WebSocket\Server), 3, 0)
#2 {main}
  thrown at file:/data/swoole/App/WebSocket/WebSocketEvents.php line:93]
[2020-02-26 14:24:53][DEBUG][ERROR] : [Uncaught Error: Class 'App\Storage\OnlineSquareUser' not found in /data/swoole/App/WebSocket/WebSocketEvents.php:50
Stack trace:
#0 [internal function]: App\WebSocket\WebSocketEvents::onOpen(Object(Swoole\WebSocket\Server), Object(Swoole\Http\Request))
#1 /data/swoole/vendor/easyswoole/easyswoole/src/ServerManager.php(134): call_user_func(Array, Object(Swoole\WebSocket\Server), Object(Swoole\Http\Request))
#2 {main}
  thrown at file:/data/swoole/App/WebSocket/WebSocketEvents.php line:50]
[2020-02-26 14:24:55][DEBUG][ERROR] : [Uncaught Error: Class 'App\WebSocket\OnlineUser' not found in /data/swoole/App/WebSocket/WebSocketEvents.php:93
Stack trace:
#0 [internal function]: App\WebSocket\WebSocketEvents::onClose(Object(Swoole\WebSocket\Server), 4, 0)
#1 /data/swoole/vendor/easyswoole/easyswoole/src/ServerManager.php(134): call_user_func(Array, Object(Swoole\WebSocket\Server), 4, 0)
#2 {main}
  thrown at file:/data/swoole/App/WebSocket/WebSocketEvents.php line:93]
[2020-02-26 14:24:56][DEBUG][ERROR] : [Uncaught Error: Class 'App\Storage\OnlineSquareUser' not found in /data/swoole/App/WebSocket/WebSocketEvents.php:50
Stack trace:
#0 [internal function]: App\WebSocket\WebSocketEvents::onOpen(Object(Swoole\WebSocket\Server), Object(Swoole\Http\Request))
#1 /data/swoole/vendor/easyswoole/easyswoole/src/ServerManager.php(134): call_user_func(Array, Object(Swoole\WebSocket\Server), Object(Swoole\Http\Request))
#2 {main}
  thrown at file:/data/swoole/App/WebSocket/WebSocketEvents.php line:50]
[2020-02-26 14:24:57][DEBUG][ERROR] : [Uncaught Error: Class 'App\WebSocket\OnlineUser' not found in /data/swoole/App/WebSocket/WebSocketEvents.php:93
Stack trace:
#0 [internal function]: App\WebSocket\WebSocketEvents::onClose(Object(Swoole\WebSocket\Server), 5, 0)
#1 /data/swoole/vendor/easyswoole/easyswoole/src/ServerManager.php(134): call_user_func(Array, Object(Swoole\WebSocket\Server), 5, 0)
#2 {main}
  thrown at file:/data/swoole/App/WebSocket/WebSocketEvents.php line:93]
[2020-02-26 14:24:57][DEBUG][ERROR] : [Uncaught Error: Class 'App\Storage\OnlineSquareUser' not found in /data/swoole/App/WebSocket/WebSocketEvents.php:50
Stack trace:
#0 [internal function]: App\WebSocket\WebSocketEvents::onOpen(Object(Swoole\WebSocket\Server), Object(Swoole\Http\Request))
#1 /data/swoole/vendor/easyswoole/easyswoole/src/ServerManager.php(134): call_user_func(Array, Object(Swoole\WebSocket\Server), Object(Swoole\Http\Request))
#2 {main}
  thrown at file:/data/swoole/App/WebSocket/WebSocketEvents.php line:50]
[2020-02-26 14:25:45][DEBUG][ERROR] : [Uncaught Error: Class 'App\WebSocket\OnlineUser' not found in /data/swoole/App/WebSocket/WebSocketEvents.php:93
Stack trace:
#0 [internal function]: App\WebSocket\WebSocketEvents::onClose(Object(Swoole\WebSocket\Server), 3, 0)
#1 /data/swoole/vendor/easyswoole/easyswoole/src/ServerManager.php(134): call_user_func(Array, Object(Swoole\WebSocket\Server), 3, 0)
#2 {main}
  thrown at file:/data/swoole/App/WebSocket/WebSocketEvents.php line:93]
[2020-02-26 14:25:53][DEBUG][ERROR] : [Uncaught Error: Class 'App\WebSocket\OnlineUser' not found in /data/swoole/App/WebSocket/WebSocketEvents.php:93
Stack trace:
#0 [internal function]: App\WebSocket\WebSocketEvents::onClose(Object(Swoole\WebSocket\Server), 5, 0)
#1 /data/swoole/vendor/easyswoole/easyswoole/src/ServerManager.php(134): call_user_func(Array, Object(Swoole\WebSocket\Server), 5, 0)
#2 {main}
  thrown at file:/data/swoole/App/WebSocket/WebSocketEvents.php line:93]
[2020-02-26 14:25:59][DEBUG][ERROR] : [Uncaught Error: Class 'App\WebSocket\OnlineUser' not found in /data/swoole/App/WebSocket/WebSocketEvents.php:93
Stack trace:
#0 [internal function]: App\WebSocket\WebSocketEvents::onClose(Object(Swoole\WebSocket\Server), 6, 0)
#1 /data/swoole/vendor/easyswoole/easyswoole/src/ServerManager.php(134): call_user_func(Array, Object(Swoole\WebSocket\Server), 6, 0)
#2 {main}
  thrown at file:/data/swoole/App/WebSocket/WebSocketEvents.php line:93]
[2020-02-26 14:26:05][DEBUG][ERROR] : [Uncaught Error: Class 'App\WebSocket\OnlineUser' not found in /data/swoole/App/WebSocket/WebSocketEvents.php:93
Stack trace:
#0 [internal function]: App\WebSocket\WebSocketEvents::onClose(Object(Swoole\WebSocket\Server), 8, 0)
#1 /data/swoole/vendor/easyswoole/easyswoole/src/ServerManager.php(134): call_user_func(Array, Object(Swoole\WebSocket\Server), 8, 0)
#2 {main}
  thrown at file:/data/swoole/App/WebSocket/WebSocketEvents.php line:93]
[2020-02-26 14:41:46][DEBUG][ERROR] : [Uncaught Error: Class 'App\WebSocket\OnlineUser' not found in /data/swoole/App/WebSocket/WebSocketEvents.php:107
Stack trace:
#0 [internal function]: App\WebSocket\WebSocketEvents::onClose(Object(Swoole\WebSocket\Server), 3, 0)
#1 /data/swoole/vendor/easyswoole/easyswoole/src/ServerManager.php(134): call_user_func(Array, Object(Swoole\WebSocket\Server), 3, 0)
#2 {main}
  thrown at file:/data/swoole/App/WebSocket/WebSocketEvents.php line:107]
[2020-02-26 14:41:46][DEBUG][WARNING] : [Swoole\WebSocket\Server::push(): fd[0] is invalid at file:/data/swoole/App/WebSocket/Actions/Tool/UserPusher.php line:38]
[2020-02-26 14:44:32][DEBUG][WARNING] : [Swoole\WebSocket\Server::push(): fd[0] is invalid at file:/data/swoole/App/WebSocket/Actions/Tool/UserPusher.php line:38]
[2020-02-26 14:45:40][DEBUG][ERROR] : [Uncaught Error: Class 'App\WebSocket\OnlineSquareUser' not found in /data/swoole/App/WebSocket/WebSocketEvents.php:107
Stack trace:
#0 [internal function]: App\WebSocket\WebSocketEvents::onClose(Object(Swoole\WebSocket\Server), 3, 0)
#1 /data/swoole/vendor/easyswoole/easyswoole/src/ServerManager.php(134): call_user_func(Array, Object(Swoole\WebSocket\Server), 3, 0)
#2 {main}
  thrown at file:/data/swoole/App/WebSocket/WebSocketEvents.php line:107]
[2020-02-26 14:45:40][DEBUG][WARNING] : [Swoole\WebSocket\Server::push(): fd[0] is invalid at file:/data/swoole/App/WebSocket/Actions/Tool/UserPusher.php line:38]
[2020-02-26 14:48:06][DEBUG][WARNING] : [Swoole\WebSocket\Server::push(): fd[0] is invalid at file:/data/swoole/App/WebSocket/Actions/Tool/UserPusher.php line:38]
[2020-02-26 14:53:37][DEBUG][ERROR] : [Uncaught Error: Class 'App\WebSocket\OnlineSquareUser' not found in /data/swoole/App/WebSocket/WebSocketEvents.php:108
Stack trace:
#0 [internal function]: App\WebSocket\WebSocketEvents::onClose(Object(Swoole\WebSocket\Server), 3, 0)
#1 /data/swoole/vendor/easyswoole/easyswoole/src/ServerManager.php(134): call_user_func(Array, Object(Swoole\WebSocket\Server), 3, 0)
#2 {main}
  thrown at file:/data/swoole/App/WebSocket/WebSocketEvents.php line:108]
[2020-02-26 14:53:39][DEBUG][ERROR] : [Uncaught Error: Class 'App\WebSocket\OnlineSquareUser' not found in /data/swoole/App/WebSocket/WebSocketEvents.php:108
Stack trace:
#0 [internal function]: App\WebSocket\WebSocketEvents::onClose(Object(Swoole\WebSocket\Server), 4, 0)
#1 /data/swoole/vendor/easyswoole/easyswoole/src/ServerManager.php(134): call_user_func(Array, Object(Swoole\WebSocket\Server), 4, 0)
#2 {main}
  thrown at file:/data/swoole/App/WebSocket/WebSocketEvents.php line:108]
[2020-02-26 14:53:41][DEBUG][ERROR] : [Uncaught Error: Class 'App\WebSocket\OnlineSquareUser' not found in /data/swoole/App/WebSocket/WebSocketEvents.php:108
Stack trace:
#0 [internal function]: App\WebSocket\WebSocketEvents::onClose(Object(Swoole\WebSocket\Server), 5, 0)
#1 /data/swoole/vendor/easyswoole/easyswoole/src/ServerManager.php(134): call_user_func(Array, Object(Swoole\WebSocket\Server), 5, 0)
#2 {main}
  thrown at file:/data/swoole/App/WebSocket/WebSocketEvents.php line:108]
[2020-02-26 14:53:44][DEBUG][ERROR] : [Uncaught Error: Class 'App\WebSocket\OnlineSquareUser' not found in /data/swoole/App/WebSocket/WebSocketEvents.php:108
Stack trace:
#0 [internal function]: App\WebSocket\WebSocketEvents::onClose(Object(Swoole\WebSocket\Server), 6, 0)
#1 /data/swoole/vendor/easyswoole/easyswoole/src/ServerManager.php(134): call_user_func(Array, Object(Swoole\WebSocket\Server), 6, 0)
#2 {main}
  thrown at file:/data/swoole/App/WebSocket/WebSocketEvents.php line:108]
[2020-02-27 11:34:00][DEBUG][ERROR] : [Uncaught Error: Class 'App\Storage\OnlineUser' not found in /data/swoole/App/WebSocket/Controller/Base.php:34
Stack trace:
#0 /data/swoole/App/WebSocket/Controller/Index.php(24): App\WebSocket\Controller\Base->currentUser()
#1 /data/swoole/vendor/easyswoole/socket/src/AbstractInterface/Controller.php(124): App\WebSocket\Controller\Index->info()
#2 /data/swoole/vendor/easyswoole/socket/src/Dispatcher.php(82): EasySwoole\Socket\AbstractInterface\Controller->__hook(Object(Swoole\WebSocket\Server), Object(EasySwoole\Socket\Config), Object(EasySwoole\Socket\Bean\Caller), Object(EasySwoole\Socket\Bean\Response))
#3 /data/swoole/EasySwooleEvent.php(44): EasySwoole\Socket\Dispatcher->dispatch(Object(Swoole\WebSocket\Server), '{"channel":"1",...', Object(Swoole\WebSocket\Frame))
#4 [internal function]: EasySwoole\EasySwoole\EasySwooleEvent::EasySwoole\EasySwoole\{closure}(Object(Swoole\WebSocket\Server), Object(Swoole\WebSocket\Frame))
#5 /data/swoole/vendor/easyswoole/easyswoole/src/ServerManager.php(134): call_user_ at file:/data/swoole/App/WebSocket/Controller/Base.php line:34]
[2020-02-27 11:36:24][DEBUG][ERROR] : [Uncaught Error: Class 'App\Storage\OnlineUser' not found in /data/swoole/App/WebSocket/Controller/Base.php:36
Stack trace:
#0 /data/swoole/App/WebSocket/Controller/Index.php(24): App\WebSocket\Controller\Base->currentUser()
#1 /data/swoole/vendor/easyswoole/socket/src/AbstractInterface/Controller.php(124): App\WebSocket\Controller\Index->info()
#2 /data/swoole/vendor/easyswoole/socket/src/Dispatcher.php(82): EasySwoole\Socket\AbstractInterface\Controller->__hook(Object(Swoole\WebSocket\Server), Object(EasySwoole\Socket\Config), Object(EasySwoole\Socket\Bean\Caller), Object(EasySwoole\Socket\Bean\Response))
#3 /data/swoole/EasySwooleEvent.php(44): EasySwoole\Socket\Dispatcher->dispatch(Object(Swoole\WebSocket\Server), '{"channel":"1",...', Object(Swoole\WebSocket\Frame))
#4 [internal function]: EasySwoole\EasySwoole\EasySwooleEvent::EasySwoole\EasySwoole\{closure}(Object(Swoole\WebSocket\Server), Object(Swoole\WebSocket\Frame))
#5 /data/swoole/vendor/easyswoole/easyswoole/src/ServerManager.php(134): call_user_ at file:/data/swoole/App/WebSocket/Controller/Base.php line:36]
[2020-02-29 11:28:06][DEBUG][ERROR] : [Uncaught ArgumentCountError: Too few arguments to function App\WebSocket\WebSocketEvents::onClose(), 3 passed and exactly 4 expected in /data/swoole/App/WebSocket/WebSocketEvents.php:90
Stack trace:
#0 [internal function]: App\WebSocket\WebSocketEvents::onClose(Object(Swoole\WebSocket\Server), 3, 0)
#1 /data/swoole/vendor/easyswoole/easyswoole/src/ServerManager.php(134): call_user_func(Array, Object(Swoole\WebSocket\Server), 3, 0)
#2 {main}
  thrown at file:/data/swoole/App/WebSocket/WebSocketEvents.php line:90]
[2020-02-29 11:28:22][DEBUG][ERROR] : [Uncaught ArgumentCountError: Too few arguments to function App\WebSocket\WebSocketEvents::onClose(), 3 passed and exactly 4 expected in /data/swoole/App/WebSocket/WebSocketEvents.php:90
Stack trace:
#0 [internal function]: App\WebSocket\WebSocketEvents::onClose(Object(Swoole\WebSocket\Server), 2, 0)
#1 /data/swoole/vendor/easyswoole/easyswoole/src/ServerManager.php(134): call_user_func(Array, Object(Swoole\WebSocket\Server), 2, 0)
#2 {main}
  thrown at file:/data/swoole/App/WebSocket/WebSocketEvents.php line:90]
